
ROM used:   3800/24576 (15%)
            3800/24576 (15%) including unused fragments

            1.6 Average locations per line
            7.9 Average locations per statement

RAM used:   75/2048 (4%) at main() level
            120/2048 (6%) worst case

Stack used: 7 worst case (5 in main + 2 for interrupts)
Stack size: 31

Lines Stmts  %   Files
----- ----- ---  -----
    3     0   0  $linker.c
  449   218  46  ../../../../../../../../../../../main.c
  814     0   0  ../../../../../../../../../../../opt/picc/devices/18F2455.h
  361     0   0  ../../../../../../../../../../../HD44780.h
  432   171  36  ../../../../../../../../../../../HD44780.c
   66     0   0  ../../../../../../../../../../../hardware.h
   68    25   5  ../../../../../../../../../../../hardware.c
   41     0   0  ../../../../../../../../../../../ISR_Lib.h
  159    65  14  ../../../../../../../../../../../ISR_Lib.c
----- -----
 2393   479 Total

Page ROM  %  RAM    Vol Diff  Functions:
---- --- --- ---    --- ----  ----------
0     38   0    1             @delay_ms1
0      6   0    1     24  1.2  SetBacklight
0     30   0    1    207  3.2  SetRunning
0     28   0    1    163  3.5  SetHeating
0     14   0    0     25  1.2  GetEncA
0     14   0    0     25  1.2  GetEncB
0     12   0    0     25  1.2  GetEncBtn
0     12   0    0     25  1.2  GetDoorState
0     18   0    0     56  1.6  InitTimer2
0     48   1    0             @const773
0     14   0    1     35  1.4  LCD_SetRS
0     14   0    1     35  1.4  LCD_SetRNW
0     14   0    1     35  1.4  LCD_SetE
0     56   1    1    223  3.2  LCD_Input
0     50   1    1    167  2.3  LCD_Output
0     78   1    1    466  3.7  LCD_IsBusy
0     78   1    3    403  3.7  LCD_Read_DDRAM
0     26   0    3    100  3.0  LCD_Readchar
0     64   1    2    336  1.8  LCD_Command
0      8   0    0     24  1.0  LCD_BusyWait
0     34   0    4    147  2.8  LCD_Locate
0     66   1    2    338  1.8  LCD_PutData
0    116   2    5    582  6.2  LCD_ScrollUp
0     18   0    3     85  3.3  LCD_DDRAM_Addr
0    132   2    2    626  7.0  LCD_Putchar
0     60   1    3    104  3.2  LCD_Printf
0     18   0    0     72  1.6  LCD_Clear
0     14   0    2     43  1.5  LCD_Cursor
0     78   1    0    454  1.6  LCD_Init
0     40   1    1             @delay_ms2
0    214   3    2    877  6.3  ISR_Ticker
0     24   0    0     84  1.7  ServiceInterruptInit
0     16   0    1     47  2.1  Delay_Millis
0     20   0    0     52  1.4  WaitBtnLow
0     54   1    0    125  2.5  GetButtonPress
0     10   0    0     42  1.1  ResetBtnState
0     56   1    0    233  1.8  InitPlatform
0     36   0    0    138  3.0  CapSetting
0     90   1    0    189  3.4  PrintTimer
0     14   0    0             @const828
0     28   0    1             @SPRINTF
0     40   1    3             @DIV88
0    102   1    2             @PRINTF_U_829
0     30   0    3             @PSTRINGCN_829
0     12   0    0             @const840
0     86   1    1    171  3.0  PrintValue
0     14   0    0             @const843
0     14   0    0             @const844
0    164   2   13    395  5.5  AskResume
0     24   0    0             @const847
0      8   0    0     32  1.6  UpdateSetting
0    220   3   13    649  4.2  S_Idle
0     24   0    0             @const854
0      6   0    0             @const856
0      8   0    0             @const857
0    138   2   18    472  4.2  S_SetHeating
0     30   0    0             @const859
0    142   2   18    472  4.2  S_SetCooling
0     30   0    0             @const862
0    228   3   19   1306  7.3  S_DoHeating
0     30   0    0             @const867
0    190   2   17    848  5.2  S_DoCooling
0     30   0    0             @const871
0     90   1    2     94  1.8  WriteSettingsToEEPROM
0     50   1    1     56  1.6  GetSettingsFromEEPROM
0     38   0    0    259  4.0  StateMachine
0     36   0    0             @goto36198
0     86   1    0     25  1.1  main
 Inline         0             @cinit1

Program metrics:
    Functions               48
    Statements              479
    Comments                44736
    Volume (V)              22263
    Difficulty (D)          135.7
    Effort to implement (E) 3020228
    Time to implement (T)   46 hours, 37 minutes
    Est Delivered Bugs (B)  7
    Cyclomatic Complexity   60
    Maintainability (MI)    93

 Segment     Used  Free
-----------  ----  ----
00000-00002     4  0  
00004-00006     0  4  
00008-000AC   166  0  
000AE-05FFE  3630  20772  



