CCS PCH C Compiler, Version 5.107, 57794               16-Apr-24 20:44

               Filename:   /home/jennifer/Dropbox/DevFiles/MPLABXProjects/TumbleTimerRB.X/dist/default/production/TumbleTimerRB.X.production.lst

               ROM used:   3800 bytes (15%)
                           Largest free fragment is 20772
               RAM used:   75 (4%) at main() level
                           120 (6%) worst case
               Stack used: 7 locations (5 in main + 2 for interrupts)
               Stack size: 31

*
0000:  GOTO   0E86
*
0008:  MOVWF  04
000A:  MOVFF  FD8,05
000E:  MOVFF  FE0,06
0012:  MOVLB  0
0014:  MOVFF  FE9,0C
0018:  MOVFF  FEA,07
001C:  MOVFF  FE1,08
0020:  MOVFF  FE2,09
0024:  MOVFF  FD9,0A
0028:  MOVFF  FDA,0B
002C:  MOVFF  FF3,12
0030:  MOVFF  FF4,13
0034:  MOVFF  FFA,14
0038:  MOVFF  FF5,15
003C:  MOVFF  FF6,16
0040:  MOVFF  FF7,17
0044:  MOVFF  00,0E
0048:  MOVFF  01,0F
004C:  MOVFF  02,10
0050:  MOVFF  03,11
0054:  BTFSS  FF2.5
0056:  GOTO   0060
005A:  BTFSC  FF2.2
005C:  GOTO   01AE
0060:  MOVFF  0E,00
0064:  MOVFF  0F,01
0068:  MOVFF  10,02
006C:  MOVFF  11,03
0070:  MOVFF  0C,FE9
0074:  MOVFF  07,FEA
0078:  BSF    07.7
007A:  MOVFF  08,FE1
007E:  MOVFF  09,FE2
0082:  MOVFF  0A,FD9
0086:  MOVFF  0B,FDA
008A:  MOVFF  12,FF3
008E:  MOVFF  13,FF4
0092:  MOVFF  14,FFA
0096:  MOVFF  15,FF5
009A:  MOVFF  16,FF6
009E:  MOVFF  17,FF7
00A2:  MOVF   04,W
00A4:  MOVFF  06,FE0
00A8:  MOVFF  05,FD8
00AC:  RETFIE 0
.................... #import(file="build/default/production/main.o")
.................... 
.................... 
.................... 
.................... 
.................... //////////// Standard Header file for the PIC18F2455 device ////////////////
.................... ///////////////////////////////////////////////////////////////////////////
.................... ////        (C) Copyright 1996, 2020 Custom Computer Services          ////
.................... //// This source code may only be used by licensed users of the CCS C  ////
.................... //// compiler.  This source code may only be distributed to other      ////
.................... //// licensed users of the CCS C compiler.  No other use, reproduction ////
.................... //// or distribution is permitted without written permission.          ////
.................... //// Derivative programs created using this software in object code    ////
.................... //// form are not restricted in any way.                               ////
.................... ///////////////////////////////////////////////////////////////////////////
.................... #device PIC18F2455
00AE:  CLRF   FF7
00B0:  ADDLW  BE
00B2:  MOVWF  FF6
00B4:  MOVLW  00
00B6:  ADDWFC FF7,F
00B8:  TBLRD*+
00BA:  MOVF   FF5,W
00BC:  RETURN 0
00BE:  DATA 00,01
00C0:  DATA 02,03
00C2:  DATA 04,05
00C4:  DATA 06,07
00C6:  DATA 08,09
00C8:  DATA 0A,0B
00CA:  DATA 0C,0D
00CC:  DATA 0E,0F
00CE:  DATA 40,41
00D0:  DATA 42,43
00D2:  DATA 44,45
00D4:  DATA 46,47
00D6:  DATA 48,49
00D8:  DATA 4A,4B
00DA:  DATA 4C,4D
00DC:  DATA 4E,4F
00DE:  CLRF   FF7
00E0:  ADDLW  EE
00E2:  MOVWF  FF6
00E4:  MOVLW  00
00E6:  ADDWFC FF7,F
00E8:  TBLRD*+
00EA:  MOVF   FF5,W
00EC:  RETURN 0
00EE:  DATA 52,65
00F0:  DATA 73,75
00F2:  DATA 6D,65
00F4:  DATA 3F,00
00F6:  CLRF   FF7
00F8:  ADDLW  06
00FA:  MOVWF  FF6
00FC:  MOVLW  01
00FE:  ADDWFC FF7,F
0100:  TBLRD*+
0102:  MOVF   FF5,W
0104:  RETURN 0
0106:  DATA 49,64
0108:  DATA 6C,65
010A:  DATA 0A,0D
010C:  DATA 00,00
010E:  CLRF   FF7
0110:  ADDLW  1E
0112:  MOVWF  FF6
0114:  MOVLW  01
0116:  ADDWFC FF7,F
0118:  TBLRD*+
011A:  MOVF   FF5,W
011C:  RETURN 0
011E:  DATA 48,65
0120:  DATA 61,74
0122:  DATA 69,6E
0124:  DATA 67,20
0126:  DATA 54,69
0128:  DATA 6D,65
012A:  DATA 3A,00
012C:  CLRF   FF7
012E:  ADDLW  3C
0130:  MOVWF  FF6
0132:  MOVLW  01
0134:  ADDWFC FF7,F
0136:  TBLRD*+
0138:  MOVF   FF5,W
013A:  RETURN 0
013C:  DATA 43,6F
013E:  DATA 6F,6C
0140:  DATA 69,6E
0142:  DATA 67,20
0144:  DATA 54,69
0146:  DATA 6D,65
0148:  DATA 3A,00
014A:  CLRF   FF7
014C:  ADDLW  5A
014E:  MOVWF  FF6
0150:  MOVLW  01
0152:  ADDWFC FF7,F
0154:  TBLRD*+
0156:  MOVF   FF5,W
0158:  RETURN 0
015A:  DATA 4E,6F
015C:  DATA 77,20
015E:  DATA 68,65
0160:  DATA 61,74
0162:  DATA 69,6E
0164:  DATA 67,2E
0166:  DATA 00,00
0168:  CLRF   FF7
016A:  ADDLW  78
016C:  MOVWF  FF6
016E:  MOVLW  01
0170:  ADDWFC FF7,F
0172:  TBLRD*+
0174:  MOVF   FF5,W
0176:  RETURN 0
0178:  DATA 4E,6F
017A:  DATA 77,20
017C:  DATA 63,6F
017E:  DATA 6F,6C
0180:  DATA 69,6E
0182:  DATA 67,2E
0184:  DATA 00,00
*
0284:  DATA 25,75
0286:  DATA 20,6D
0288:  DATA 69,6E
028A:  DATA 75,74
028C:  DATA 65,73
028E:  DATA 20,20
0290:  DATA 00,00
0292:  DATA 25,75
0294:  DATA 20,6D
0296:  DATA 69,6E
0298:  DATA 75,74
029A:  DATA 65,20
029C:  DATA 20,00
029E:  DATA 25,75
02A0:  DATA 20,6D
02A2:  DATA 69,6E
02A4:  DATA 75,74
02A6:  DATA 65,73
02A8:  DATA 20,20
02AA:  DATA 00,00
02AC:  DATA 25,75
02AE:  DATA 20,6D
02B0:  DATA 69,6E
02B2:  DATA 75,74
02B4:  DATA 65,20
02B6:  DATA 20,20
02B8:  DATA 00,00
02BA:  DATA 48,3A
02BC:  DATA 20,25
02BE:  DATA 75,00
02C0:  DATA 43,3A
02C2:  DATA 20,25
02C4:  DATA 75,20
02C6:  DATA 20,00
*
076C:  MOVFF  48,FEA
0770:  MOVFF  47,FE9
0774:  MOVFF  5D,FEF
0778:  INCF   FE9,F
077A:  BTFSC  FD8.2
077C:  INCF   FEA,F
077E:  CLRF   FEF
0780:  INCF   47,F
0782:  BTFSC  FD8.2
0784:  INCF   48,F
0786:  RETURN 0
0788:  TBLRD*+
078A:  MOVFF  FF6,5B
078E:  MOVFF  FF7,5C
0792:  MOVFF  FF5,5D
0796:  RCALL  076C
0798:  MOVFF  5B,FF6
079C:  MOVFF  5C,FF7
07A0:  DECFSZ 5A,F
07A2:  BRA    0788
07A4:  RETURN 0
07A6:  MOVF   5D,W
07A8:  CLRF   01
07AA:  SUBWF  5C,W
07AC:  BC    07B4
07AE:  MOVFF  5C,00
07B2:  BRA    07CC
07B4:  CLRF   00
07B6:  MOVLW  08
07B8:  MOVWF  5E
07BA:  RLCF   5C,F
07BC:  RLCF   00,F
07BE:  MOVF   5D,W
07C0:  SUBWF  00,W
07C2:  BTFSC  FD8.0
07C4:  MOVWF  00
07C6:  RLCF   01,F
07C8:  DECFSZ 5E,F
07CA:  BRA    07BA
07CC:  RETURN 0
07CE:  MOVF   01,W
07D0:  MOVFF  5A,5C
07D4:  MOVLW  64
07D6:  MOVWF  5D
07D8:  RCALL  07A6
07DA:  MOVFF  00,5A
07DE:  MOVF   01,W
07E0:  MOVLW  30
07E2:  BNZ   07F2
07E4:  BTFSS  5B.1
07E6:  BRA    0800
07E8:  BTFSC  5B.3
07EA:  BRA    0800
07EC:  BTFSC  5B.4
07EE:  MOVLW  20
07F0:  BRA    07F8
07F2:  BCF    5B.3
07F4:  BCF    5B.4
07F6:  BSF    5B.0
07F8:  ADDWF  01,F
07FA:  MOVFF  01,5D
07FE:  RCALL  076C
0800:  MOVFF  5A,5C
0804:  MOVLW  0A
0806:  MOVWF  5D
0808:  RCALL  07A6
080A:  MOVFF  00,5A
080E:  MOVF   01,W
0810:  MOVLW  30
0812:  BNZ   0820
0814:  BTFSC  5B.3
0816:  BRA    0828
0818:  BTFSS  5B.0
081A:  BRA    0828
081C:  BTFSC  5B.4
081E:  MOVLW  20
0820:  ADDWF  01,F
0822:  MOVFF  01,5D
0826:  RCALL  076C
0828:  MOVLW  30
082A:  ADDWF  5A,F
082C:  MOVFF  5A,5D
0830:  RCALL  076C
0832:  RETURN 0
*
0E62:  ADDWF  FE8,W
0E64:  CLRF   FF7
0E66:  RLCF   FF7,F
0E68:  ADDLW  7D
0E6A:  MOVWF  FF6
0E6C:  MOVLW  0E
0E6E:  ADDWFC FF7,F
0E70:  TBLRD*-
0E72:  MOVF   FF5,W
0E74:  MOVWF  FFA
0E76:  TBLRD*
0E78:  MOVF   FF5,W
0E7A:  MOVWF  FF9
0E7C:  DATA 4A,0E
0E7E:  DATA 4E,0E
0E80:  DATA 52,0E
0E82:  DATA 56,0E
0E84:  DATA 5A,0E
.................... 
.................... #list
.................... 
.................... 
.................... 
.................... 
.................... 
*
045C:  CLRF   FEA
045E:  MOVLW  4B
0460:  MOVWF  FE9
0462:  MOVF   FEF,W
0464:  BZ    0480
0466:  MOVLW  02
0468:  MOVWF  01
046A:  CLRF   00
046C:  DECFSZ 00,F
046E:  BRA    046C
0470:  DECFSZ 01,F
0472:  BRA    046A
0474:  MOVLW  97
0476:  MOVWF  00
0478:  DECFSZ 00,F
047A:  BRA    0478
047C:  DECFSZ FEF,F
047E:  BRA    0466
0480:  RETURN 0
.................... 
.................... 
.................... 
.................... 
.................... 
.................... 
.................... 
.................... 
.................... 
.................... 
.................... 
.................... 
.................... 
.................... 
.................... 
.................... 
.................... 
.................... 
.................... 
.................... 
.................... 
.................... 
.................... 
.................... 
.................... 
.................... 
.................... 
.................... 
.................... 
.................... 
.................... 
.................... 
.................... 
.................... 
.................... 
.................... 
.................... 
.................... 
.................... 
.................... 
.................... 
.................... 
.................... 
.................... 
.................... 
.................... 
.................... 
.................... 
.................... 
.................... 
.................... 
.................... 
.................... 
.................... 
.................... 
.................... 
.................... 
.................... 
.................... 
.................... 
.................... 
.................... 
.................... 
.................... 
.................... 
.................... 
.................... 
.................... 
.................... 
.................... 
.................... 
.................... 
.................... 
.................... 
.................... 
.................... 
.................... 
.................... 
.................... 
.................... 
.................... 
.................... 
.................... 
.................... 
.................... 
.................... 
.................... 
.................... 
.................... 
.................... 
.................... 
.................... 
.................... 
.................... 
.................... 
.................... 
.................... 
.................... 
.................... 
.................... 
.................... 
.................... 
.................... 
.................... 
.................... 
.................... 
.................... 
.................... 
.................... 
.................... 
.................... 
.................... 
.................... 
.................... 
.................... 
.................... 
.................... 
.................... 
.................... 
.................... 
.................... 
.................... 
.................... 
.................... 
.................... 
.................... 
.................... 
.................... 
.................... 
.................... 
.................... 
.................... 
.................... 
.................... 
.................... 
.................... 
.................... 
.................... 
.................... 
.................... 
.................... 
.................... 
.................... 
.................... 
.................... 
.................... 
.................... 
.................... 
.................... 
.................... 
.................... 
.................... 
.................... 
.................... 
.................... 
.................... 
.................... 
.................... 
.................... 
.................... 
.................... 
.................... 
.................... 
.................... 
.................... 
.................... 
.................... 
.................... 
.................... 
.................... 
.................... 
.................... 
.................... 
.................... 
.................... 
.................... 
.................... 
.................... 
.................... 
.................... 
.................... 
.................... 
.................... 
.................... 
.................... 
.................... 
.................... 
.................... 
.................... 
.................... 
.................... 
.................... 
.................... 
.................... 
.................... 
.................... 
.................... 
.................... 
.................... 
.................... 
.................... 
.................... 
.................... 
.................... 
.................... 
.................... 
.................... 
.................... 
.................... 
.................... 
.................... 
.................... 
.................... 
.................... 
.................... 
.................... 
.................... 
.................... 
.................... 
.................... 
.................... 
.................... 
.................... 
.................... 
.................... 
.................... 
.................... 
.................... 
.................... 
.................... 
.................... 
.................... 
.................... 
.................... 
.................... 
.................... 
.................... 
.................... 
.................... 
.................... 
.................... 
.................... 
.................... 
.................... 
.................... 
.................... 
.................... 
.................... 
.................... 
.................... 
.................... 
.................... 
.................... 
.................... 
.................... 
.................... 
.................... 
.................... 
.................... 
.................... 
.................... 
.................... 
.................... 
.................... 
.................... 
.................... 
.................... 
.................... 
.................... 
.................... 
.................... 
.................... 
.................... 
.................... 
.................... 
.................... 
.................... 
.................... 
.................... 
.................... 
.................... 
.................... 
.................... 
.................... 
.................... 
.................... 
.................... 
.................... 
.................... 
.................... 
.................... 
.................... 
.................... 
.................... 
.................... 
.................... 
.................... 
.................... 
.................... 
.................... 
.................... 
.................... 
.................... 
.................... 
.................... 
.................... 
.................... 
.................... 
.................... 
.................... 
.................... 
.................... 
.................... 
.................... 
.................... 
.................... 
.................... 
.................... 
.................... 
.................... 
.................... 
.................... 
.................... 
.................... 
.................... 
.................... 
.................... 
.................... 
.................... 
.................... 
.................... 
.................... 
.................... 
.................... 
.................... 
.................... 
.................... 
.................... 
.................... 
.................... 
.................... 
.................... 
.................... 
.................... 
.................... 
.................... 
.................... 
.................... 
.................... 
.................... 
.................... 
.................... 
.................... 
.................... 
.................... 
.................... 
.................... 
.................... 
.................... 
.................... 
.................... 
.................... 
.................... 
.................... 
.................... 
.................... 
.................... 
.................... 
.................... 
.................... 
.................... 
.................... 
.................... 
.................... 
.................... 
.................... 
.................... 
.................... 
.................... 
.................... 
.................... 
.................... 
.................... 
.................... 
.................... 
.................... 
.................... 
.................... 
.................... 
.................... 
.................... 
.................... 
.................... 
.................... 
.................... 
.................... 
.................... 
.................... 
.................... 
.................... 
.................... 
.................... 
.................... 
.................... 
.................... 
.................... 
.................... 
.................... 
.................... 
.................... 
.................... 
.................... 
.................... 
.................... 
.................... 
.................... 
.................... 
.................... 
.................... 
.................... 
.................... 
.................... 
.................... 
.................... 
.................... 
.................... 
.................... 
.................... 
.................... 
.................... 
.................... 
.................... 
.................... 
.................... 
.................... 
.................... 
.................... 
.................... 
.................... 
.................... 
.................... 
.................... 
.................... 
.................... 
.................... 
.................... 
.................... 
.................... 
.................... 
.................... 
.................... 
.................... 
.................... 
.................... 
.................... 
.................... 
.................... 
.................... 
.................... 
.................... 
.................... 
.................... 
.................... 
.................... 
.................... 
.................... 
.................... 
.................... 
.................... 
.................... 
.................... 
.................... 
.................... 
.................... 
.................... 
.................... 
.................... 
.................... 
.................... 
.................... 
.................... 
.................... 
.................... 
.................... 
.................... 
.................... 
.................... 
.................... 
.................... 
.................... 
.................... 
.................... 
.................... 
.................... 
.................... 
.................... 
.................... 
.................... 
.................... 
.................... 
.................... 
.................... 
.................... 
.................... 
.................... 
.................... 
.................... 
.................... 
.................... 
.................... 
.................... 
.................... 
.................... 
.................... 
.................... 
.................... 
.................... 
.................... 
.................... 
.................... 
.................... 
.................... 
.................... 
.................... 
.................... 
.................... 
.................... 
.................... 
.................... 
.................... 
.................... 
.................... 
.................... 
.................... 
.................... 
.................... 
.................... 
.................... 
.................... 
.................... 
.................... 
.................... 
.................... 
.................... 
.................... 
.................... 
.................... 
.................... 
.................... 
.................... 
.................... 
.................... 
.................... 
.................... 
.................... 
.................... 
.................... 
.................... 
.................... 
.................... 
.................... 
.................... 
.................... 
.................... 
.................... 
.................... 
.................... 
.................... 
.................... 
.................... 
.................... 
.................... 
.................... 
.................... 
.................... 
.................... 
.................... 
.................... 
.................... 
.................... 
.................... 
.................... 
.................... 
.................... 
.................... 
.................... 
.................... 
.................... 
.................... 
.................... 
.................... 
.................... 
.................... 
.................... 
.................... 
.................... 
.................... 
.................... 
.................... 
.................... 
.................... 
.................... 
.................... 
.................... 
.................... 
.................... 
.................... 
.................... 
.................... 
.................... 
.................... 
.................... 
.................... 
.................... 
.................... 
.................... 
.................... 
.................... 
.................... 
.................... 
.................... 
.................... 
.................... 
.................... 
.................... 
.................... 
.................... 
.................... 
.................... 
.................... 
.................... 
.................... 
.................... 
.................... 
.................... 
.................... 
.................... 
.................... 
.................... 
.................... 
.................... 
.................... 
.................... 
.................... 
.................... 
.................... 
.................... 
.................... 
.................... 
.................... 
.................... 
.................... 
.................... 
.................... 
.................... 
.................... 
.................... 
.................... 
.................... 
.................... 
.................... 
.................... 
.................... 
.................... 
.................... 
.................... 
.................... 
.................... 
.................... 
.................... 
.................... 
.................... 
.................... 
.................... 
.................... 
.................... 
.................... 
.................... 
.................... 
.................... 
.................... 
.................... 
.................... 
.................... 
.................... 
.................... 
.................... 
.................... 
.................... 
.................... 
.................... 
.................... 
.................... 
.................... 
.................... 
.................... 
.................... 
.................... 
.................... 
.................... 
.................... 
.................... 
.................... 
.................... 
.................... 
.................... 
.................... 
.................... 
.................... 
.................... 
.................... 
.................... 
.................... 
.................... 
.................... 
.................... 
.................... 
.................... 
.................... 
.................... 
.................... 
.................... 
.................... 
.................... 
.................... 
.................... 
.................... 
.................... 
.................... 
.................... 
.................... 
.................... 
.................... 
.................... 
.................... 
.................... 
.................... 
.................... 
.................... 
.................... 
.................... 
.................... 
.................... 
.................... 
.................... 
.................... 
.................... 
.................... 
.................... 
.................... 
.................... 
.................... 
.................... 
.................... 
.................... 
.................... 
.................... 
.................... 
.................... 
.................... 
.................... 
.................... 
.................... 
.................... 
.................... 
.................... 
.................... 
.................... 
.................... 
.................... 
.................... 
.................... 
.................... 
.................... 
.................... 
.................... 
.................... 
.................... 
.................... 
.................... 
.................... 
.................... 
.................... 
.................... 
.................... 
.................... 
.................... 
.................... 
.................... 
.................... 
.................... 
.................... 
.................... 
*
032C:  MOVFF  5A,FBE
0330:  RETURN 0
.................... 
.................... 
.................... 
.................... 
.................... 
*
02F2:  MOVF   5A,F
02F4:  BZ    02FE
.................... 
.................... 
02F6:  BSF    F8B.0
02F8:  BCF    F94.0
.................... 
02FA:  MOVLW  01
02FC:  MOVWF  1A
.................... 
.................... 
.................... 
02FE:  MOVF   5A,F
0300:  BNZ   030E
.................... 
.................... 
0302:  BCF    F8B.0
0304:  BCF    F94.0
.................... 
0306:  BCF    F8B.1
0308:  BCF    F94.1
.................... 
030A:  CLRF   1A
.................... 
030C:  CLRF   1B
.................... 
030E:  RETURN 0
.................... 
.................... 
.................... 
.................... 
.................... 
0310:  MOVF   5A,F
0312:  BZ    0320
0314:  MOVF   1A,F
0316:  BZ    0320
.................... 
.................... 
0318:  BSF    F8B.1
031A:  BCF    F94.1
.................... 
031C:  MOVLW  01
031E:  MOVWF  1B
.................... 
.................... 
0320:  MOVF   5A,F
0322:  BNZ   032A
.................... 
.................... 
0324:  BCF    F8B.1
0326:  BCF    F94.1
.................... 
0328:  CLRF   1B
.................... 
032A:  RETURN 0
.................... 
.................... 
.................... 
.................... 
.................... 
*
0186:  BSF    F92.2
0188:  MOVLW  00
018A:  BTFSC  F80.2
018C:  MOVLW  01
018E:  MOVWF  01
0190:  GOTO   01D8 (RETURN)
.................... 
.................... 
.................... 
.................... 
.................... 
0194:  BSF    F92.1
0196:  MOVLW  00
0198:  BTFSC  F80.1
019A:  MOVLW  01
019C:  MOVWF  01
019E:  GOTO   01DE (RETURN)
.................... 
.................... 
.................... 
.................... 
.................... 
01A2:  BSF    F92.0
01A4:  MOVLW  00
01A6:  BTFSC  F80.0
01A8:  MOVLW  01
01AA:  MOVWF  01
01AC:  RETURN 0
.................... 
.................... 
.................... 
.................... 
.................... 
.................... 
.................... 
*
0874:  BSF    F92.6
0876:  MOVLW  00
0878:  BTFSC  F80.6
087A:  MOVLW  01
087C:  MOVWF  01
087E:  RETURN 0
.................... 
.................... 
.................... 
.................... 
.................... 
*
02E0:  MOVLW  00
02E2:  IORLW  05
02E4:  MOVWF  FCA
02E6:  MOVLW  52
02E8:  MOVWF  FCB
.................... 
02EA:  MOVLW  20
02EC:  MOVWF  FCC
02EE:  GOTO   0568 (RETURN)
.................... 
.................... 
.................... 
.................... 
.................... 
.................... 
.................... 
.................... 
.................... 
.................... 
.................... 
.................... 
.................... 
.................... 
.................... 
.................... 
.................... 
.................... 
*
0340:  MOVF   x75,F
0342:  BNZ   0348
0344:  BCF    F8A.4
0346:  BRA    034A
0348:  BSF    F8A.4
034A:  BCF    F93.4
034C:  RETURN 0
.................... 
.................... 
.................... 
.................... 
.................... 
.................... 
034E:  MOVF   x75,F
0350:  BNZ   0356
0352:  BCF    F8A.3
0354:  BRA    0358
0356:  BSF    F8A.3
0358:  BCF    F93.3
035A:  RETURN 0
.................... 
.................... 
.................... 
.................... 
.................... 
.................... 
*
0332:  MOVF   x75,F
0334:  BNZ   033A
0336:  BCF    F8A.2
0338:  BRA    033C
033A:  BSF    F8A.2
033C:  BCF    F93.2
033E:  RETURN 0
.................... 
.................... 
.................... 
.................... 
.................... 
.................... 
.................... 
.................... 
*
035C:  BSF    F94.6
035E:  CLRF   x74
0360:  BTFSC  F82.6
0362:  INCF   x74,F
0364:  BCF    FD8.0
0366:  RLCF   x74,F
.................... 
0368:  BSF    F94.7
036A:  MOVLW  00
036C:  BTFSC  F82.7
036E:  MOVLW  01
0370:  IORWF  x74,F
0372:  BCF    FD8.0
0374:  RLCF   x74,F
.................... 
0376:  BSF    F93.0
0378:  MOVLW  00
037A:  BTFSC  F81.0
037C:  MOVLW  01
037E:  IORWF  x74,F
0380:  BCF    FD8.0
0382:  RLCF   x74,F
.................... 
0384:  BSF    F93.1
0386:  MOVLW  00
0388:  BTFSC  F81.1
038A:  MOVLW  01
038C:  IORWF  x74,F
.................... 
.................... 
.................... 
.................... 
.................... 
.................... 
.................... 
.................... 
.................... 
038E:  MOVFF  74,01
0392:  RETURN 0
.................... 
.................... 
.................... 
.................... 
.................... 
.................... 
*
03EA:  BTFSC  x75.7
03EC:  BRA    03F2
03EE:  BCF    F8B.6
03F0:  BRA    03F4
03F2:  BSF    F8B.6
03F4:  BCF    F94.6
.................... 
03F6:  BTFSC  x75.6
03F8:  BRA    03FE
03FA:  BCF    F8B.7
03FC:  BRA    0400
03FE:  BSF    F8B.7
0400:  BCF    F94.7
.................... 
0402:  BTFSC  x75.5
0404:  BRA    040A
0406:  BCF    F8A.0
0408:  BRA    040C
040A:  BSF    F8A.0
040C:  BCF    F93.0
.................... 
040E:  BTFSC  x75.4
0410:  BRA    0416
0412:  BCF    F8A.1
0414:  BRA    0418
0416:  BSF    F8A.1
0418:  BCF    F93.1
.................... 
041A:  RETURN 0
.................... 
.................... 
.................... 
.................... 
.................... 
.................... 
.................... 
.................... 
.................... 
.................... 
.................... 
.................... 
.................... 
.................... 
.................... 
*
0394:  CLRF   x75
0396:  RCALL  0340
.................... 
0398:  MOVLW  01
039A:  MOVWF  x75
039C:  RCALL  034E
.................... 
039E:  MOVLW  01
03A0:  MOVWF  x75
03A2:  RCALL  0332
.................... 
03A4:  NOP   
.................... 
.................... 
03A6:  BSF    F94.6
03A8:  CLRF   x74
03AA:  BTFSC  F82.6
03AC:  INCF   x74,F
.................... 
.................... 
03AE:  CLRF   x75
03B0:  RCALL  0332
.................... 
03B2:  NOP   
.................... 
.................... 
03B4:  MOVLW  01
03B6:  MOVWF  x75
03B8:  RCALL  0332
.................... 
03BA:  NOP   
.................... 
.................... 
03BC:  CLRF   x75
03BE:  RCALL  0332
.................... 
03C0:  NOP   
.................... 
.................... 
03C2:  MOVF   x74,F
03C4:  BZ    03D4
.................... 
.................... 
03C6:  CLRF   x75
03C8:  RCALL  0332
.................... 
03CA:  NOP   
.................... 
.................... 
03CC:  MOVLW  01
03CE:  MOVWF  01
03D0:  BRA    03DE
.................... 
03D2:  BRA    03DE
.................... 
.................... 
.................... 
03D4:  CLRF   x75
03D6:  RCALL  0332
.................... 
03D8:  NOP   
.................... 
03DA:  MOVLW  00
03DC:  MOVWF  01
.................... 
03DE:  GOTO   03E4 (RETURN)
.................... 
.................... 
.................... 
.................... 
.................... 
.................... 
.................... 
.................... 
.................... 
.................... 
*
058E:  MOVF   x70,W
0590:  IORLW  80
0592:  MOVWF  x72
0594:  MOVWF  x73
0596:  RCALL  041C
.................... 
0598:  RCALL  03E2
.................... 
059A:  MOVLW  01
059C:  MOVWF  x75
059E:  RCALL  0340
.................... 
05A0:  MOVLW  01
05A2:  MOVWF  x75
05A4:  RCALL  034E
.................... 
.................... 
05A6:  NOP   
.................... 
05A8:  MOVLW  01
05AA:  MOVWF  x75
05AC:  RCALL  0332
.................... 
05AE:  NOP   
.................... 
05B0:  RCALL  035C
05B2:  MOVFF  01,71
.................... 
05B6:  CLRF   x75
05B8:  RCALL  0332
.................... 
05BA:  NOP   
.................... 
.................... 
.................... 
.................... 
05BC:  MOVLW  01
05BE:  MOVWF  x75
05C0:  RCALL  0332
.................... 
05C2:  NOP   
.................... 
05C4:  SWAPF  x71,F
05C6:  MOVLW  F0
05C8:  ANDWF  x71,F
.................... 
05CA:  RCALL  035C
05CC:  MOVF   01,W
05CE:  IORWF  x71,F
.................... 
05D0:  CLRF   x75
05D2:  RCALL  0332
.................... 
.................... 
.................... 
.................... 
05D4:  MOVFF  71,01
05D8:  GOTO   05F0 (RETURN)
.................... 
.................... 
.................... 
.................... 
.................... 
.................... 
.................... 
.................... 
.................... 
.................... 
05DC:  MOVFF  6D,70
05E0:  MOVFF  6E,71
05E4:  RCALL  04D0
05E6:  MOVFF  01,6F
.................... 
.................... 
05EA:  MOVFF  6F,70
05EE:  BRA    058E
05F0:  MOVF   01,W
05F2:  GOTO   0654 (RETURN)
.................... 
.................... 
.................... 
.................... 
.................... 
.................... 
.................... 
.................... 
*
041C:  RCALL  03E2
.................... 
041E:  CLRF   x75
0420:  RCALL  0340
.................... 
0422:  CLRF   x75
0424:  RCALL  034E
.................... 
.................... 
0426:  NOP   
.................... 
0428:  MOVFF  73,75
042C:  RCALL  03EA
.................... 
042E:  MOVLW  01
0430:  MOVWF  x75
0432:  RCALL  0332
.................... 
0434:  NOP   
.................... 
0436:  CLRF   x75
0438:  RCALL  0332
.................... 
043A:  NOP   
.................... 
.................... 
.................... 
.................... 
043C:  SWAPF  x73,W
043E:  MOVWF  x74
0440:  MOVLW  F0
0442:  ANDWF  x74,F
0444:  MOVFF  74,75
0448:  RCALL  03EA
.................... 
044A:  MOVLW  01
044C:  MOVWF  x75
044E:  RCALL  0332
.................... 
0450:  NOP   
.................... 
0452:  CLRF   x75
0454:  RCALL  0332
.................... 
0456:  NOP   
.................... 
.................... 
.................... 
.................... 
0458:  RCALL  035C
045A:  RETURN 0
.................... 
.................... 
.................... 
.................... 
.................... 
.................... 
*
03E2:  BRA    0394
03E4:  MOVF   01,F
03E6:  BNZ   03E2
03E8:  RETURN 0
.................... 
.................... 
.................... 
.................... 
.................... 
.................... 
.................... 
.................... 
.................... 
.................... 
.................... 
.................... 
.................... 
.................... 
.................... 
.................... 
.................... 
.................... 
.................... 
.................... 
.................... 
.................... 
.................... 
.................... 
.................... 
.................... 
.................... 
.................... 
.................... 
.................... 
.................... 
.................... 
.................... 
.................... 
.................... 
.................... 
.................... 
.................... 
.................... 
.................... 
.................... 
.................... 
.................... 
.................... 
.................... 
.................... 
.................... 
.................... 
.................... 
.................... 
.................... 
*
04E2:  MOVFF  63,70
04E6:  MOVFF  64,71
04EA:  RCALL  04D0
04EC:  MOVFF  01,65
.................... 
04F0:  MOVFF  63,1C
04F4:  MOVFF  64,1D
.................... 
.................... 
04F8:  MOVF   x65,W
04FA:  IORLW  80
04FC:  MOVWF  x66
04FE:  MOVWF  x73
0500:  RCALL  041C
0502:  RETURN 0
.................... 
.................... 
.................... 
.................... 
.................... 
.................... 
*
05F6:  RCALL  03E2
.................... 
05F8:  MOVLW  01
05FA:  MOVWF  x75
05FC:  RCALL  0340
.................... 
05FE:  CLRF   x75
0600:  RCALL  034E
.................... 
0602:  NOP   
.................... 
0604:  MOVFF  6D,75
0608:  RCALL  03EA
.................... 
060A:  MOVLW  01
060C:  MOVWF  x75
060E:  RCALL  0332
.................... 
0610:  NOP   
.................... 
0612:  CLRF   x75
0614:  RCALL  0332
.................... 
0616:  NOP   
.................... 
.................... 
.................... 
.................... 
0618:  SWAPF  x6D,W
061A:  MOVWF  x6E
061C:  MOVLW  F0
061E:  ANDWF  x6E,F
0620:  MOVFF  6E,75
0624:  RCALL  03EA
.................... 
0626:  MOVLW  01
0628:  MOVWF  x75
062A:  RCALL  0332
.................... 
062C:  NOP   
.................... 
062E:  CLRF   x75
0630:  RCALL  0332
.................... 
0632:  NOP   
.................... 
.................... 
.................... 
.................... 
0634:  RCALL  035C
0636:  RETURN 0
.................... 
.................... 
.................... 
.................... 
.................... 
.................... 
.................... 
.................... 
.................... 
.................... 
.................... 
.................... 
.................... 
.................... 
.................... 
.................... 
.................... 
.................... 
.................... 
.................... 
.................... 
.................... 
0638:  MOVLW  01
063A:  MOVWF  x6A
063C:  MOVF   x6A,W
063E:  SUBLW  01
0640:  BNC   0682
.................... 
0642:  CLRF   x69
0644:  MOVF   x69,W
0646:  SUBLW  0F
0648:  BNC   067E
.................... 
.................... 
064A:  MOVFF  69,6D
064E:  MOVFF  6A,6E
0652:  BRA    05DC
0654:  MOVFF  01,6B
.................... 
0658:  MOVLW  01
065A:  SUBWF  x6A,W
065C:  MOVWF  x6D
065E:  MOVFF  69,70
0662:  MOVWF  x71
0664:  RCALL  04D0
0666:  MOVFF  01,6C
.................... 
066A:  MOVF   x6C,W
066C:  IORLW  80
066E:  MOVWF  x6D
0670:  MOVWF  x73
0672:  RCALL  041C
.................... 
0674:  MOVFF  6B,6D
0678:  RCALL  05F6
067A:  INCF   x69,F
067C:  BRA    0644
067E:  INCF   x6A,F
0680:  BRA    063C
.................... 
.................... 
.................... 
.................... 
.................... 
0682:  CLRF   x69
0684:  MOVF   x69,W
0686:  SUBLW  0F
0688:  BNC   06A8
.................... 
.................... 
.................... 
.................... 
.................... 
068A:  MOVFF  69,70
068E:  MOVLW  01
0690:  MOVWF  x71
0692:  RCALL  04D0
0694:  MOVF   01,W
0696:  IORLW  80
0698:  MOVWF  x6D
069A:  MOVWF  x73
069C:  RCALL  041C
.................... 
069E:  MOVLW  20
06A0:  MOVWF  x6D
06A2:  RCALL  05F6
06A4:  INCF   x69,F
06A6:  BRA    0684
.................... 
06A8:  GOTO   06B8 (RETURN)
.................... 
.................... 
.................... 
.................... 
.................... 
.................... 
.................... 
.................... 
*
04D0:  MOVF   x71,W
04D2:  MULLW  10
04D4:  MOVF   FF3,W
04D6:  ADDWF  x70,W
04D8:  CLRF   03
04DA:  RCALL  00AE
04DC:  MOVWF  01
04DE:  MOVWF  01
04E0:  RETURN 0
.................... 
.................... 
.................... 
.................... 
.................... 
.................... 
.................... 
.................... 
.................... 
*
06AC:  MOVF   1D,W
06AE:  SUBLW  01
06B0:  BC    06B8
.................... 
.................... 
.................... 
06B2:  MOVLW  01
06B4:  MOVWF  1D
.................... 
06B6:  BRA    0638
.................... 
.................... 
.................... 
.................... 
.................... 
.................... 
.................... 
.................... 
06B8:  MOVFF  1C,70
06BC:  MOVFF  1D,71
06C0:  RCALL  04D0
06C2:  MOVFF  01,1E
.................... 
.................... 
06C6:  MOVF   x68,W
06C8:  XORLW  0A
06CA:  BZ    06D2
06CC:  XORLW  07
06CE:  BZ    06EA
06D0:  BRA    0702
.................... 
.................... 
.................... 
.................... 
06D2:  INCF   1D,F
.................... 
06D4:  MOVFF  1C,70
06D8:  MOVFF  1D,71
06DC:  RCALL  04D0
06DE:  MOVF   01,W
06E0:  IORLW  80
06E2:  MOVWF  x69
06E4:  MOVWF  x73
06E6:  RCALL  041C
.................... 
06E8:  BRA    0714
.................... 
.................... 
.................... 
.................... 
.................... 
06EA:  CLRF   1C
.................... 
06EC:  MOVFF  1C,70
06F0:  MOVFF  1D,71
06F4:  RCALL  04D0
06F6:  MOVF   01,W
06F8:  IORLW  80
06FA:  MOVWF  x69
06FC:  MOVWF  x73
06FE:  RCALL  041C
.................... 
0700:  BRA    0714
.................... 
.................... 
.................... 
.................... 
.................... 
0702:  MOVF   1E,W
0704:  IORLW  80
0706:  MOVWF  x69
0708:  MOVWF  x73
070A:  RCALL  041C
.................... 
070C:  MOVFF  68,6D
0710:  RCALL  05F6
.................... 
0712:  INCF   1C,F
.................... 
.................... 
.................... 
.................... 
0714:  MOVF   1C,W
0716:  SUBLW  0F
0718:  BC    0728
.................... 
.................... 
071A:  CLRF   1C
.................... 
071C:  INCF   1D,F
.................... 
071E:  MOVF   1E,W
0720:  IORLW  80
0722:  MOVWF  x69
0724:  MOVWF  x73
0726:  RCALL  041C
.................... 
.................... 
0728:  MOVFF  68,01
072C:  GOTO   0762 (RETURN)
.................... 
.................... 
.................... 
.................... 
.................... 
.................... 
0730:  MOVFF  66,03
0734:  MOVFF  65,FE9
0738:  MOVFF  66,FEA
073C:  MOVF   FEF,F
073E:  BZ    076A
.................... 
.................... 
0740:  MOVFF  66,03
0744:  MOVFF  65,FE9
0748:  MOVFF  66,FEA
074C:  MOVF   FEF,F
074E:  BZ    0762
0750:  MOVFF  66,03
0754:  MOVFF  65,FE9
0758:  MOVFF  66,FEA
075C:  MOVFF  FEF,68
0760:  BRA    06AC
.................... 
0762:  INCF   x65,F
0764:  BTFSC  FD8.2
0766:  INCF   x66,F
0768:  BRA    0730
.................... 
076A:  RETURN 0
.................... 
.................... 
.................... 
.................... 
.................... 
.................... 
*
0504:  RCALL  03E2
.................... 
0506:  MOVLW  01
0508:  MOVWF  x73
050A:  RCALL  041C
.................... 
050C:  RCALL  03E2
.................... 
050E:  CLRF   x63
0510:  CLRF   x64
0512:  RCALL  04E2
0514:  RETURN 0
.................... 
.................... 
.................... 
.................... 
.................... 
.................... 
.................... 
0516:  MOVF   4B,W
0518:  IORLW  0C
051A:  MOVWF  4C
051C:  MOVWF  x73
051E:  RCALL  041C
0520:  GOTO   0586 (RETURN)
.................... 
.................... 
.................... 
.................... 
.................... 
.................... 
*
0482:  CLRF   x75
0484:  RCALL  0332
.................... 
0486:  CLRF   x75
0488:  RCALL  0340
.................... 
048A:  MOVLW  01
048C:  MOVWF  x75
048E:  RCALL  034E
.................... 
0490:  RCALL  035C
.................... 
.................... 
.................... 
.................... 
.................... 
.................... 
.................... 
.................... 
.................... 
.................... 
.................... 
.................... 
.................... 
0492:  MOVLW  28
0494:  MOVWF  x73
0496:  RCALL  041C
.................... 
0498:  MOVLW  0A
049A:  MOVWF  4B
049C:  RCALL  045C
.................... 
049E:  MOVLW  28
04A0:  MOVWF  x73
04A2:  RCALL  041C
.................... 
04A4:  MOVLW  6E
04A6:  MOVWF  4B
04A8:  RCALL  045C
.................... 
04AA:  MOVLW  28
04AC:  MOVWF  x73
04AE:  RCALL  041C
.................... 
04B0:  MOVLW  6E
04B2:  MOVWF  4B
04B4:  RCALL  045C
.................... 
.................... 
.................... 
.................... 
04B6:  MOVLW  0F
04B8:  MOVWF  x73
04BA:  RCALL  041C
.................... 
04BC:  RCALL  03E2
.................... 
04BE:  MOVLW  01
04C0:  MOVWF  x73
04C2:  RCALL  041C
.................... 
04C4:  RCALL  03E2
.................... 
04C6:  MOVLW  06
04C8:  MOVWF  x73
04CA:  RCALL  041C
04CC:  GOTO   0580 (RETURN)
.................... 
.................... 
.................... 
.................... 
.................... 
.................... 
.................... 
.................... 
.................... 
.................... 
.................... 
.................... 
.................... 
.................... 
.................... 
.................... 
.................... 
.................... 
.................... 
.................... 
.................... 
.................... 
.................... 
.................... 
.................... 
.................... 
.................... 
.................... 
.................... 
.................... 
.................... 
.................... 
.................... 
.................... 
.................... 
.................... 
.................... 
.................... 
.................... 
.................... 
.................... 
.................... 
.................... 
.................... 
.................... 
.................... 
.................... 
.................... 
.................... 
.................... 
.................... 
.................... 
.................... 
.................... 
.................... 
.................... 
.................... 
.................... 
.................... 
.................... 
.................... 
.................... 
.................... 
.................... 
.................... 
.................... 
.................... 
.................... 
.................... 
.................... 
.................... 
.................... 
.................... 
.................... 
.................... 
.................... 
.................... 
.................... 
.................... 
.................... 
.................... 
.................... 
.................... 
.................... 
.................... 
.................... 
.................... 
.................... 
.................... 
.................... 
.................... 
.................... 
.................... 
.................... 
.................... 
.................... 
.................... 
.................... 
.................... 
.................... 
.................... 
.................... 
.................... 
.................... 
.................... 
.................... 
.................... 
.................... 
.................... 
.................... 
.................... 
.................... 
.................... 
.................... 
.................... 
.................... 
.................... 
.................... 
.................... 
.................... 
.................... 
.................... 
.................... 
.................... 
.................... 
*
09B2:  CLRF   FEA
09B4:  MOVLW  5B
09B6:  MOVWF  FE9
09B8:  MOVF   FEF,W
09BA:  BZ    09D6
09BC:  MOVLW  02
09BE:  MOVWF  01
09C0:  CLRF   00
09C2:  DECFSZ 00,F
09C4:  BRA    09C2
09C6:  DECFSZ 01,F
09C8:  BRA    09C0
09CA:  MOVLW  97
09CC:  MOVWF  00
09CE:  DECFSZ 00,F
09D0:  BRA    09CE
09D2:  DECFSZ FEF,F
09D4:  BRA    09BC
09D6:  GOTO   0A32 (RETURN)
.................... 
.................... 
.................... 
.................... 
.................... 
.................... 
.................... 
.................... 
.................... 
.................... 
.................... 
.................... 
.................... 
.................... 
.................... 
.................... 
.................... 
.................... 
.................... 
.................... 
.................... 
.................... 
.................... 
.................... 
.................... 
.................... 
.................... 
.................... 
.................... 
.................... 
.................... 
.................... 
.................... 
.................... 
.................... 
.................... 
.................... 
.................... 
.................... 
.................... 
.................... 
.................... 
.................... 
.................... 
.................... 
.................... 
.................... 
.................... 
.................... 
.................... 
.................... 
.................... 
.................... 
.................... 
.................... 
.................... 
.................... 
.................... 
.................... 
.................... 
.................... 
.................... 
.................... 
.................... 
.................... 
.................... 
.................... 
.................... 
.................... 
.................... 
.................... 
.................... 
.................... 
.................... 
.................... 
.................... 
.................... 
.................... 
.................... 
.................... 
.................... 
.................... 
.................... 
.................... 
.................... 
.................... 
.................... 
.................... 
.................... 
.................... 
.................... 
.................... 
.................... 
.................... 
.................... 
.................... 
.................... 
.................... 
.................... 
.................... 
.................... 
.................... 
.................... 
.................... 
.................... 
.................... 
.................... 
.................... 
.................... 
.................... 
.................... 
.................... 
.................... 
.................... 
.................... 
.................... 
.................... 
.................... 
.................... 
.................... 
.................... 
.................... 
.................... 
.................... 
.................... 
.................... 
.................... 
.................... 
.................... 
.................... 
.................... 
.................... 
.................... 
.................... 
.................... 
.................... 
.................... 
.................... 
.................... 
.................... 
.................... 
.................... 
.................... 
*
0556:  MOVLW  70
0558:  MOVWF  FD3
055A:  MOVF   FD3,W
.................... 
.................... 
055C:  BRA    02C8
.................... 
055E:  MOVLW  03
0560:  MOVWF  20
0562:  MOVLW  E8
0564:  MOVWF  1F
.................... 
.................... 
0566:  BRA    02E0
.................... 
0568:  BCF    F94.2
056A:  BCF    F8B.2
056C:  MOVLW  0C
056E:  MOVWF  FBD
.................... 
0570:  CLRF   5A
0572:  RCALL  02F2
.................... 
0574:  CLRF   5A
0576:  RCALL  0310
.................... 
0578:  MOVLW  20
057A:  MOVWF  5A
057C:  RCALL  032C
.................... 
057E:  BRA    0482
.................... 
0580:  RCALL  0504
.................... 
0582:  CLRF   4B
0584:  BRA    0516
.................... 
0586:  RCALL  0504
.................... 
.................... 
0588:  BRA    0524
058A:  GOTO   0ED8 (RETURN)
.................... 
.................... 
.................... 
.................... 
.................... 
.................... 
*
0A34:  BCF    FF2.6
0A36:  BCF    FF2.7
0A38:  BTFSC  FF2.7
0A3A:  BRA    0A36
.................... 
.................... 
0A3C:  BTFSS  23.7
0A3E:  BRA    0A42
.................... 
.................... 
0A40:  CLRF   23
.................... 
.................... 
.................... 
0A42:  BTFSC  23.7
0A44:  BRA    0A50
0A46:  MOVF   23,W
0A48:  SUBLW  3C
0A4A:  BC    0A50
.................... 
.................... 
0A4C:  MOVLW  3C
0A4E:  MOVWF  23
.................... 
.................... 
.................... 
0A50:  MOVLW  C0
0A52:  IORWF  FF2,F
0A54:  GOTO   0A5A (RETURN)
.................... 
.................... 
.................... 
.................... 
.................... 
.................... 
*
0C40:  CLRF   x63
0C42:  MOVLW  01
0C44:  MOVWF  x64
0C46:  RCALL  04E2
.................... 
0C48:  MOVF   2B,W
0C4A:  SUBLW  01
0C4C:  BC    0C6E
.................... 
0C4E:  CLRF   48
0C50:  MOVLW  2D
0C52:  MOVWF  47
0C54:  MOVFF  2B,5A
0C58:  MOVLW  1B
0C5A:  MOVWF  5B
0C5C:  RCALL  07CE
0C5E:  MOVLW  86
0C60:  MOVWF  FF6
0C62:  MOVLW  02
0C64:  MOVWF  FF7
0C66:  MOVLW  0A
0C68:  MOVWF  5A
0C6A:  RCALL  0788
0C6C:  BRA    0C8C
.................... 
.................... 
0C6E:  CLRF   48
0C70:  MOVLW  2D
0C72:  MOVWF  47
0C74:  MOVFF  2B,5A
0C78:  MOVLW  1B
0C7A:  MOVWF  5B
0C7C:  RCALL  07CE
0C7E:  MOVLW  94
0C80:  MOVWF  FF6
0C82:  MOVLW  02
0C84:  MOVWF  FF7
0C86:  MOVLW  09
0C88:  MOVWF  5A
0C8A:  RCALL  0788
.................... 
.................... 
0C8C:  CLRF   x66
0C8E:  MOVLW  2D
0C90:  MOVWF  x65
0C92:  RCALL  0730
.................... 
.................... 
0C94:  MOVFF  2B,45
0C98:  RETURN 0
.................... 
.................... 
.................... 
.................... 
.................... 
.................... 
*
095C:  CLRF   x63
095E:  MOVLW  01
0960:  MOVWF  x64
0962:  RCALL  04E2
.................... 
0964:  MOVF   59,W
0966:  SUBLW  01
0968:  BC    098A
.................... 
096A:  CLRF   48
096C:  MOVLW  2D
096E:  MOVWF  47
0970:  MOVFF  59,5A
0974:  MOVLW  1B
0976:  MOVWF  5B
0978:  RCALL  07CE
097A:  MOVLW  A0
097C:  MOVWF  FF6
097E:  MOVLW  02
0980:  MOVWF  FF7
0982:  MOVLW  0A
0984:  MOVWF  5A
0986:  RCALL  0788
0988:  BRA    09A8
.................... 
.................... 
098A:  CLRF   48
098C:  MOVLW  2D
098E:  MOVWF  47
0990:  MOVFF  59,5A
0994:  MOVLW  1B
0996:  MOVWF  5B
0998:  RCALL  07CE
099A:  MOVLW  AE
099C:  MOVWF  FF6
099E:  MOVLW  02
09A0:  MOVWF  FF7
09A2:  MOVLW  0A
09A4:  MOVWF  5A
09A6:  RCALL  0788
.................... 
09A8:  CLRF   x66
09AA:  MOVLW  2D
09AC:  MOVWF  x65
09AE:  RCALL  0730
09B0:  RETURN 0
.................... 
.................... 
.................... 
.................... 
.................... 
.................... 
.................... 
.................... 
*
0B9C:  MOVLW  01
0B9E:  MOVWF  23
.................... 
.................... 
.................... 
0BA0:  RCALL  0504
.................... 
0BA2:  CLRF   x63
0BA4:  CLRF   x64
0BA6:  RCALL  04E2
.................... 
0BA8:  CLRF   FEA
0BAA:  MOVLW  5B
0BAC:  MOVWF  FE9
0BAE:  MOVLW  08
0BB0:  MOVWF  01
0BB2:  CLRF   FF7
0BB4:  MOVLW  00
0BB6:  CALL   00DE
0BBA:  TBLRD*-
0BBC:  TBLRD*+
0BBE:  MOVFF  FF5,FEE
0BC2:  DECFSZ 01,F
0BC4:  BRA    0BBC
0BC6:  CLRF   x66
0BC8:  MOVLW  5B
0BCA:  MOVWF  x65
0BCC:  RCALL  0730
.................... 
.................... 
0BCE:  RCALL  0B88
.................... 
.................... 
0BD0:  RCALL  0834
.................... 
.................... 
0BD2:  RCALL  083E
0BD4:  MOVFF  02,64
0BD8:  MOVFF  01,63
0BDC:  DECFSZ 01,W
0BDE:  BRA    0C26
0BE0:  MOVF   x64,F
0BE2:  BNZ   0C26
.................... 
.................... 
0BE4:  MOVF   23,W
0BE6:  ANDLW  01
0BE8:  MOVWF  5A
.................... 
.................... 
0BEA:  CLRF   x63
0BEC:  MOVLW  01
0BEE:  MOVWF  x64
0BF0:  RCALL  04E2
.................... 
0BF2:  MOVF   5A,F
0BF4:  BZ    0C0E
.................... 
0BF6:  MOVLW  59
0BF8:  MOVWF  5B
0BFA:  MOVLW  65
0BFC:  MOVWF  5C
0BFE:  MOVLW  73
0C00:  MOVWF  5D
0C02:  CLRF   5E
0C04:  CLRF   x66
0C06:  MOVLW  5B
0C08:  MOVWF  x65
0C0A:  RCALL  0730
0C0C:  BRA    0C24
.................... 
.................... 
0C0E:  MOVLW  4E
0C10:  MOVWF  5B
0C12:  MOVLW  6F
0C14:  MOVWF  5C
0C16:  MOVLW  20
0C18:  MOVWF  5D
0C1A:  CLRF   5E
0C1C:  CLRF   x66
0C1E:  MOVLW  5B
0C20:  MOVWF  x65
0C22:  RCALL  0730
0C24:  BRA    0BD2
.................... 
.................... 
.................... 
0C26:  RCALL  083E
0C28:  MOVFF  02,64
0C2C:  MOVFF  01,63
0C30:  DECFSZ 01,W
0C32:  BRA    0C26
0C34:  MOVF   x64,F
0C36:  BNZ   0C26
.................... 
0C38:  MOVFF  5A,01
0C3C:  GOTO   0CBC (RETURN)
.................... 
.................... 
.................... 
.................... 
.................... 
.................... 
*
0A58:  BRA    0A34
.................... 
0A5A:  MOVFF  23,43
0A5E:  RETURN 0
.................... 
.................... 
.................... 
.................... 
.................... 
.................... 
.................... 
.................... 
*
0880:  MOVLW  20
0882:  MOVWF  5A
0884:  RCALL  032C
.................... 
0886:  RCALL  0504
.................... 
0888:  CLRF   FEA
088A:  MOVLW  4D
088C:  MOVWF  FE9
088E:  MOVLW  07
0890:  MOVWF  01
0892:  CLRF   FF7
0894:  MOVLW  00
0896:  RCALL  00F6
0898:  TBLRD*-
089A:  TBLRD*+
089C:  MOVFF  FF5,FEE
08A0:  DECFSZ 01,F
08A2:  BRA    089A
08A4:  CLRF   x66
08A6:  MOVLW  4D
08A8:  MOVWF  x65
08AA:  RCALL  0730
.................... 
.................... 
08AC:  CLRF   x63
08AE:  MOVLW  01
08B0:  MOVWF  x64
08B2:  RCALL  04E2
.................... 
08B4:  CLRF   48
08B6:  MOVLW  2D
08B8:  MOVWF  47
08BA:  MOVLW  BA
08BC:  MOVWF  FF6
08BE:  MOVLW  02
08C0:  MOVWF  FF7
08C2:  MOVLW  03
08C4:  MOVWF  5A
08C6:  RCALL  0788
08C8:  MOVFF  41,5A
08CC:  MOVLW  1B
08CE:  MOVWF  5B
08D0:  RCALL  07CE
.................... 
08D2:  CLRF   x66
08D4:  MOVLW  2D
08D6:  MOVWF  x65
08D8:  RCALL  0730
.................... 
.................... 
08DA:  MOVLW  07
08DC:  MOVWF  x63
08DE:  MOVLW  01
08E0:  MOVWF  x64
08E2:  RCALL  04E2
.................... 
08E4:  CLRF   48
08E6:  MOVLW  2D
08E8:  MOVWF  47
08EA:  MOVLW  C0
08EC:  MOVWF  FF6
08EE:  MOVLW  02
08F0:  MOVWF  FF7
08F2:  MOVLW  03
08F4:  MOVWF  5A
08F6:  RCALL  0788
08F8:  MOVFF  42,5A
08FC:  MOVLW  1B
08FE:  MOVWF  5B
0900:  RCALL  07CE
0902:  MOVLW  20
0904:  MOVWF  5D
0906:  RCALL  076C
0908:  MOVLW  20
090A:  MOVWF  5D
090C:  RCALL  076C
.................... 
090E:  CLRF   x66
0910:  MOVLW  2D
0912:  MOVWF  x65
0914:  RCALL  0730
.................... 
.................... 
0916:  CLRF   5A
0918:  RCALL  0310
.................... 
091A:  CLRF   5A
091C:  RCALL  02F2
.................... 
.................... 
091E:  CLRF   2B
.................... 
0920:  CLRF   2A
0922:  CLRF   29
.................... 
.................... 
0924:  MOVF   46,F
0926:  BNZ   0958
.................... 
.................... 
0928:  RCALL  083E
092A:  MOVFF  02,4C
092E:  MOVFF  01,4B
.................... 
.................... 
.................... 
0932:  MOVF   4B,W
0934:  SUBLW  E8
0936:  BNZ   0948
0938:  MOVF   4C,W
093A:  SUBLW  03
093C:  BNZ   0948
093E:  RCALL  0874
0940:  MOVF   01,F
0942:  BNZ   0948
.................... 
.................... 
.................... 
0944:  MOVLW  03
0946:  MOVWF  46
.................... 
.................... 
.................... 
0948:  MOVF   4B,W
094A:  SUBLW  96
094C:  BNZ   0956
094E:  MOVF   4C,F
0950:  BNZ   0956
.................... 
.................... 
0952:  MOVLW  01
0954:  MOVWF  46
.................... 
0956:  BRA    0924
.................... 
0958:  GOTO   0E5C (RETURN)
.................... 
.................... 
.................... 
.................... 
.................... 
*
0A60:  MOVLW  C8
0A62:  MOVWF  5A
0A64:  RCALL  032C
.................... 
0A66:  RCALL  0504
.................... 
0A68:  CLRF   FEA
0A6A:  MOVLW  4B
0A6C:  MOVWF  FE9
0A6E:  MOVLW  0E
0A70:  MOVWF  01
0A72:  CLRF   FF7
0A74:  MOVLW  00
0A76:  CALL   010E
0A7A:  TBLRD*-
0A7C:  TBLRD*+
0A7E:  MOVFF  FF5,FEE
0A82:  DECFSZ 01,F
0A84:  BRA    0A7C
0A86:  CLRF   x66
0A88:  MOVLW  4B
0A8A:  MOVWF  x65
0A8C:  RCALL  0730
.................... 
0A8E:  CLRF   5A
0A90:  RCALL  02F2
.................... 
0A92:  CLRF   5A
0A94:  RCALL  0310
.................... 
0A96:  MOVFF  41,43
.................... 
0A9A:  SETF   44
.................... 
0A9C:  MOVFF  43,24
0AA0:  MOVFF  24,23
.................... 
.................... 
0AA4:  MOVFF  43,59
0AA8:  RCALL  095C
.................... 
.................... 
0AAA:  DECFSZ 46,W
0AAC:  BRA    0AE6
.................... 
.................... 
0AAE:  MOVF   44,W
0AB0:  SUBWF  43,W
0AB2:  BZ    0ABE
.................... 
.................... 
0AB4:  MOVFF  43,59
0AB8:  RCALL  095C
.................... 
0ABA:  MOVFF  43,44
.................... 
.................... 
.................... 
0ABE:  RCALL  083E
0AC0:  MOVFF  02,5A
0AC4:  MOVF   01,W
0AC6:  MOVWF  59
0AC8:  SUBLW  96
0ACA:  BNZ   0AE2
0ACC:  MOVF   5A,F
0ACE:  BNZ   0AE2
.................... 
.................... 
0AD0:  MOVFF  43,41
.................... 
0AD4:  MOVLW  02
0AD6:  MOVWF  46
.................... 
0AD8:  MOVFF  41,59
0ADC:  MOVFF  42,5A
0AE0:  RCALL  09DA
.................... 
.................... 
.................... 
0AE2:  RCALL  0A58
0AE4:  BRA    0AAA
.................... 
0AE6:  GOTO   0E5C (RETURN)
.................... 
.................... 
.................... 
.................... 
.................... 
.................... 
.................... 
0AEA:  MOVLW  C8
0AEC:  MOVWF  5A
0AEE:  RCALL  032C
.................... 
0AF0:  RCALL  0504
.................... 
0AF2:  CLRF   FEA
0AF4:  MOVLW  4B
0AF6:  MOVWF  FE9
0AF8:  MOVLW  0E
0AFA:  MOVWF  01
0AFC:  CLRF   FF7
0AFE:  MOVLW  00
0B00:  CALL   012C
0B04:  TBLRD*-
0B06:  TBLRD*+
0B08:  MOVFF  FF5,FEE
0B0C:  DECFSZ 01,F
0B0E:  BRA    0B06
0B10:  CLRF   x66
0B12:  MOVLW  4B
0B14:  MOVWF  x65
0B16:  RCALL  0730
.................... 
0B18:  CLRF   5A
0B1A:  CALL   02F2
.................... 
0B1E:  CLRF   5A
0B20:  CALL   0310
.................... 
0B24:  MOVFF  42,43
.................... 
0B28:  SETF   44
.................... 
0B2A:  MOVFF  43,24
0B2E:  MOVFF  24,23
.................... 
.................... 
0B32:  MOVFF  43,59
0B36:  RCALL  095C
.................... 
.................... 
0B38:  MOVF   46,W
0B3A:  SUBLW  02
0B3C:  BNZ   0B74
.................... 
.................... 
0B3E:  MOVF   44,W
0B40:  SUBWF  43,W
0B42:  BZ    0B4E
.................... 
.................... 
0B44:  MOVFF  43,59
0B48:  RCALL  095C
.................... 
0B4A:  MOVFF  43,44
.................... 
.................... 
.................... 
0B4E:  RCALL  083E
0B50:  MOVFF  02,5A
0B54:  MOVF   01,W
0B56:  MOVWF  59
0B58:  SUBLW  96
0B5A:  BNZ   0B70
0B5C:  MOVF   5A,F
0B5E:  BNZ   0B70
.................... 
.................... 
0B60:  MOVFF  43,42
.................... 
0B64:  CLRF   46
.................... 
0B66:  MOVFF  41,59
0B6A:  MOVFF  42,5A
0B6E:  RCALL  09DA
.................... 
.................... 
.................... 
0B70:  RCALL  0A58
0B72:  BRA    0B38
.................... 
0B74:  GOTO   0E5C (RETURN)
.................... 
.................... 
.................... 
.................... 
.................... 
.................... 
.................... 
.................... 
.................... 
.................... 
*
0C9A:  MOVLW  3D
0C9C:  MOVWF  45
.................... 
.................... 
0C9E:  RCALL  0874
0CA0:  DECFSZ 01,W
0CA2:  BRA    0CA8
.................... 
.................... 
0CA4:  CLRF   46
.................... 
0CA6:  BRA    0D7A
.................... 
.................... 
.................... 
0CA8:  MOVLW  EA
0CAA:  MOVWF  2A
0CAC:  MOVLW  5F
0CAE:  MOVWF  29
.................... 
0CB0:  MOVF   49,F
0CB2:  BZ    0CCC
0CB4:  MOVF   41,W
0CB6:  SUBWF  49,W
0CB8:  BC    0CCC
.................... 
.................... 
0CBA:  BRA    0B9C
0CBC:  MOVF   01,F
0CBE:  BZ    0CC6
.................... 
.................... 
0CC0:  MOVFF  49,2B
.................... 
0CC4:  BRA    0CCA
.................... 
.................... 
.................... 
0CC6:  MOVFF  41,2B
.................... 
.................... 
0CCA:  BRA    0CD0
.................... 
.................... 
.................... 
0CCC:  MOVFF  41,2B
.................... 
.................... 
.................... 
0CD0:  MOVF   2B,F
0CD2:  BNZ   0CDC
.................... 
.................... 
0CD4:  MOVLW  04
0CD6:  MOVWF  46
.................... 
0CD8:  CLRF   49
.................... 
0CDA:  BRA    0D7A
.................... 
.................... 
.................... 
0CDC:  MOVLW  C8
0CDE:  MOVWF  5A
0CE0:  CALL   032C
.................... 
0CE4:  RCALL  0504
.................... 
0CE6:  CLRF   FEA
0CE8:  MOVLW  4D
0CEA:  MOVWF  FE9
0CEC:  MOVLW  0D
0CEE:  MOVWF  01
0CF0:  CLRF   FF7
0CF2:  MOVLW  00
0CF4:  CALL   014A
0CF8:  TBLRD*-
0CFA:  TBLRD*+
0CFC:  MOVFF  FF5,FEE
0D00:  DECFSZ 01,F
0D02:  BRA    0CFA
0D04:  CLRF   x66
0D06:  MOVLW  4D
0D08:  MOVWF  x65
0D0A:  RCALL  0730
.................... 
.................... 
0D0C:  RCALL  0B88
.................... 
.................... 
0D0E:  MOVF   41,F
0D10:  BZ    0D22
.................... 
.................... 
0D12:  MOVLW  01
0D14:  MOVWF  5A
0D16:  CALL   02F2
.................... 
0D1A:  MOVLW  01
0D1C:  MOVWF  5A
0D1E:  CALL   0310
.................... 
.................... 
.................... 
0D22:  MOVF   46,W
0D24:  SUBLW  03
0D26:  BNZ   0D7A
.................... 
.................... 
0D28:  MOVF   45,W
0D2A:  SUBWF  2B,W
0D2C:  BZ    0D34
.................... 
.................... 
0D2E:  RCALL  0C40
.................... 
0D30:  MOVFF  2B,49
.................... 
.................... 
.................... 
0D34:  RCALL  083E
0D36:  MOVFF  02,4C
0D3A:  MOVFF  01,4B
.................... 
.................... 
0D3E:  RCALL  0874
0D40:  DECFSZ 01,W
0D42:  BRA    0D5E
.................... 
.................... 
0D44:  CLRF   46
.................... 
.................... 
0D46:  MOVFF  2B,49
.................... 
0D4A:  CLRF   2B
.................... 
0D4C:  CLRF   2A
0D4E:  CLRF   29
.................... 
.................... 
0D50:  CLRF   5A
0D52:  CALL   0310
.................... 
0D56:  CLRF   5A
0D58:  CALL   02F2
.................... 
0D5C:  BRA    0D78
.................... 
0D5E:  MOVF   2B,F
0D60:  BZ    0D6C
0D62:  MOVF   4B,W
0D64:  SUBLW  96
0D66:  BNZ   0D78
0D68:  MOVF   4C,F
0D6A:  BNZ   0D78
.................... 
.................... 
0D6C:  MOVLW  04
0D6E:  MOVWF  46
.................... 
0D70:  CLRF   2B
.................... 
0D72:  CLRF   2A
0D74:  CLRF   29
.................... 
0D76:  CLRF   49
.................... 
0D78:  BRA    0D22
.................... 
0D7A:  GOTO   0E5C (RETURN)
.................... 
.................... 
.................... 
.................... 
.................... 
.................... 
.................... 
0D7E:  MOVLW  3D
0D80:  MOVWF  45
.................... 
.................... 
0D82:  MOVLW  C8
0D84:  MOVWF  5A
0D86:  CALL   032C
.................... 
0D8A:  CALL   0504
.................... 
0D8E:  CLRF   FEA
0D90:  MOVLW  4B
0D92:  MOVWF  FE9
0D94:  MOVLW  0D
0D96:  MOVWF  01
0D98:  CLRF   FF7
0D9A:  MOVLW  00
0D9C:  CALL   0168
0DA0:  TBLRD*-
0DA2:  TBLRD*+
0DA4:  MOVFF  FF5,FEE
0DA8:  DECFSZ 01,F
0DAA:  BRA    0DA2
0DAC:  CLRF   x66
0DAE:  MOVLW  4B
0DB0:  MOVWF  x65
0DB2:  RCALL  0730
.................... 
0DB4:  MOVF   42,F
0DB6:  BZ    0DC6
.................... 
.................... 
0DB8:  MOVLW  01
0DBA:  MOVWF  5A
0DBC:  CALL   02F2
.................... 
0DC0:  CLRF   5A
0DC2:  CALL   0310
.................... 
.................... 
.................... 
0DC6:  MOVF   4A,F
0DC8:  BZ    0DD0
.................... 
.................... 
0DCA:  MOVFF  4A,2B
.................... 
0DCE:  BRA    0DD4
.................... 
.................... 
.................... 
0DD0:  MOVFF  42,2B
.................... 
.................... 
.................... 
0DD4:  MOVLW  EA
0DD6:  MOVWF  2A
0DD8:  MOVLW  5F
0DDA:  MOVWF  29
.................... 
.................... 
.................... 
0DDC:  MOVF   46,W
0DDE:  SUBLW  04
0DE0:  BNZ   0E38
.................... 
.................... 
0DE2:  MOVF   45,W
0DE4:  SUBWF  2B,W
0DE6:  BTFSS  FD8.2
0DE8:  RCALL  0C40
.................... 
.................... 
.................... 
.................... 
0DEA:  RCALL  083E
0DEC:  MOVFF  02,59
0DF0:  MOVF   01,W
0DF2:  MOVWF  58
0DF4:  SUBLW  96
0DF6:  BNZ   0DFC
0DF8:  MOVF   59,F
0DFA:  BZ    0E02
0DFC:  RCALL  0874
0DFE:  DECFSZ 01,W
0E00:  BRA    0E1E
.................... 
.................... 
.................... 
0E02:  CLRF   46
.................... 
.................... 
0E04:  MOVF   2B,F
0E06:  BTFSS  FD8.2
0E08:  MOVFF  2B,4A
.................... 
.................... 
.................... 
.................... 
0E0C:  CLRF   2B
.................... 
0E0E:  CLRF   2A
0E10:  CLRF   29
.................... 
.................... 
0E12:  CLRF   5A
0E14:  CALL   0310
.................... 
0E18:  CLRF   5A
0E1A:  CALL   02F2
.................... 
.................... 
.................... 
0E1E:  MOVF   2B,F
0E20:  BNZ   0E36
.................... 
.................... 
0E22:  CLRF   46
.................... 
.................... 
0E24:  CLRF   2B
.................... 
0E26:  CLRF   2A
0E28:  CLRF   29
.................... 
.................... 
0E2A:  CLRF   5A
0E2C:  CALL   0310
.................... 
0E30:  CLRF   5A
0E32:  CALL   02F2
.................... 
0E36:  BRA    0DDC
.................... 
0E38:  GOTO   0E5C (RETURN)
.................... 
.................... 
.................... 
.................... 
.................... 
.................... 
.................... 
*
09DA:  MOVF   FF2,W
09DC:  MOVWF  00
09DE:  BCF    FF2.7
09E0:  CLRF   FA9
09E2:  MOVFF  59,FA8
09E6:  BCF    FA6.6
09E8:  BCF    FA6.7
09EA:  BSF    FA6.2
09EC:  MOVLB  F
09EE:  MOVLW  55
09F0:  MOVWF  FA7
09F2:  MOVLW  AA
09F4:  MOVWF  FA7
09F6:  BSF    FA6.1
09F8:  BTFSC  FA6.1
09FA:  BRA    09F8
09FC:  BCF    FA6.2
09FE:  MOVF   00,W
0A00:  IORWF  FF2,F
.................... 
0A02:  MOVFF  FF2,00
0A06:  BCF    FF2.7
0A08:  MOVLW  01
0A0A:  MOVWF  FA9
0A0C:  MOVFF  5A,FA8
0A10:  BCF    FA6.6
0A12:  BCF    FA6.7
0A14:  BSF    FA6.2
0A16:  MOVLW  55
0A18:  MOVWF  FA7
0A1A:  MOVLW  AA
0A1C:  MOVWF  FA7
0A1E:  BSF    FA6.1
0A20:  BTFSC  FA6.1
0A22:  BRA    0A20
0A24:  BCF    FA6.2
0A26:  MOVF   00,W
0A28:  IORWF  FF2,F
.................... 
0A2A:  MOVLW  0A
0A2C:  MOVWF  5B
0A2E:  MOVLB  0
0A30:  BRA    09B2
0A32:  RETURN 0
.................... 
.................... 
.................... 
.................... 
.................... 
.................... 
.................... 
*
0524:  MOVFF  FF2,4B
0528:  BCF    FF2.7
052A:  CLRF   FA9
052C:  BCF    FA6.6
052E:  BCF    FA6.7
0530:  BSF    FA6.0
0532:  MOVF   FA8,W
0534:  BTFSC  4B.7
0536:  BSF    FF2.7
0538:  MOVWF  41
.................... 
053A:  MOVFF  FF2,4B
053E:  BCF    FF2.7
0540:  MOVLW  01
0542:  MOVWF  FA9
0544:  BCF    FA6.6
0546:  BCF    FA6.7
0548:  BSF    FA6.0
054A:  MOVF   FA8,W
054C:  BTFSC  4B.7
054E:  BSF    FF2.7
0550:  MOVWF  42
0552:  GOTO   058A (RETURN)
.................... 
.................... 
.................... 
.................... 
.................... 
.................... 
.................... 
.................... 
.................... 
.................... 
.................... 
*
0E3C:  CLRF   46
.................... 
.................... 
.................... 
.................... 
.................... 
0E3E:  MOVF   46,W
0E40:  ADDLW  FB
0E42:  BC    0E5C
0E44:  ADDLW  05
0E46:  GOTO   0E62
.................... 
.................... 
.................... 
0E4A:  BRA    0880
.................... 
0E4C:  BRA    0E5C
.................... 
.................... 
.................... 
0E4E:  BRA    0A60
.................... 
0E50:  BRA    0E5C
.................... 
.................... 
.................... 
0E52:  BRA    0AEA
.................... 
0E54:  BRA    0E5C
.................... 
.................... 
.................... 
0E56:  BRA    0C9A
.................... 
0E58:  BRA    0E5C
.................... 
.................... 
.................... 
0E5A:  BRA    0D7E
.................... 
.................... 
0E5C:  BRA    0E3E
.................... 
0E5E:  GOTO   0EDA (RETURN)
.................... 
.................... 
.................... 
.................... 
*
0E86:  CLRF   FF8
0E88:  BCF    FD0.7
0E8A:  BSF    07.7
0E8C:  MOVLW  70
0E8E:  MOVWF  FD3
0E90:  MOVF   FD3,W
0E92:  CLRF   1A
0E94:  CLRF   1B
0E96:  CLRF   1C
0E98:  CLRF   1D
0E9A:  CLRF   20
0E9C:  CLRF   1F
0E9E:  CLRF   21
0EA0:  MOVFF  21,22
0EA4:  CLRF   23
0EA6:  CLRF   24
0EA8:  CLRF   26
0EAA:  MOVLW  01
0EAC:  MOVWF  25
0EAE:  CLRF   28
0EB0:  MOVLW  01
0EB2:  MOVWF  27
0EB4:  CLRF   2A
0EB6:  CLRF   29
0EB8:  CLRF   2B
0EBA:  CLRF   2C
0EBC:  CLRF   43
0EBE:  SETF   44
0EC0:  CLRF   48
0EC2:  CLRF   47
0EC4:  CLRF   49
0EC6:  CLRF   4A
0EC8:  MOVF   FC1,W
0ECA:  ANDLW  C0
0ECC:  IORLW  0F
0ECE:  MOVWF  FC1
0ED0:  MOVLW  07
0ED2:  MOVWF  FB4
.................... 
.................... 
0ED4:  GOTO   0556
.................... 
0ED8:  BRA    0E3C
.................... 
.................... 
0EDA:  SLEEP 
.................... 

Configuration Fuses:
   Word  1: C827   PLL12 CPUDIV1 USBDIV INTRC_IO FCMEN IESO
   Word  2: 1E3E   PUT BROWNOUT BORV21 VREGEN NOWDT WDT32768
   Word  3: 8700   CCP2C1 PBADEN LPT1OSC MCLR
   Word  4: 0081   STVREN NOLVP NOXINST NODEBUG
   Word  5: C00F   NOPROTECT NOCPB NOCPD
   Word  6: E00F   NOWRT NOWRTC NOWRTB NOWRTD
   Word  7: 400F   NOEBTR NOEBTRB
